  ConsoleApplication4.cpp
C:\Program Files (x86)\Microsoft Visual Studio\2019\Community\VC\Tools\MSVC\14.28.29333\include\memory(2833,56): warning C4244: "argument": konwersja z "_Ty" do "float", możliwa utrata danych
          with
          [
              _Ty=int
          ]
C:\Users\DELL\source\repos\ConsoleApplication4\ConsoleApplication4.cpp(50): message : zobacz odwołanie do kompilowanego tworzenia wystąpienia „std::unique_ptr<rower,std::default_delete<rower>> std::make_unique<rower,int,const char(&)[6],int,0>(int &&,const char (&)[6],int &&)” funkcji szablon
C:\Program Files (x86)\Microsoft Visual Studio\2019\Community\VC\Tools\MSVC\14.28.29333\include\xutility(5440,21): error C2676: dwuargumentowy "==": "rower" nie definiuje tego operatora lub konwersji do typu akceptowalnego dla wstępnie zdefiniowanego operatora
C:\Program Files (x86)\Microsoft Visual Studio\2019\Community\VC\Tools\MSVC\14.28.29333\include\xutility(5474): message : zobacz odwołanie do kompilowanego tworzenia wystąpienia „_InIt std::_Find_unchecked1<_InIt,_Ty>(_InIt,const _InIt,const _Ty &,std::false_type)” funkcji szablon
          with
          [
              _InIt=rower *,
              _Ty=char
          ]
C:\Program Files (x86)\Microsoft Visual Studio\2019\Community\VC\Tools\MSVC\14.28.29333\include\xutility(5480): message : zobacz odwołanie do kompilowanego tworzenia wystąpienia „_InIt std::_Find_unchecked<rower*,_Ty>(const _InIt,const _InIt,const _Ty &)” funkcji szablon
          with
          [
              _InIt=rower *,
              _Ty=char
          ]
C:\Users\DELL\source\repos\ConsoleApplication4\ConsoleApplication4.cpp(31): message : zobacz odwołanie do kompilowanego tworzenia wystąpienia „_InIt std::find<std::_Vector_iterator<std::_Vector_val<std::_Simple_types<_Ty>>>,char>(_InIt,const _InIt,const char &)” funkcji szablon
          with
          [
              _InIt=std::_Vector_iterator<std::_Vector_val<std::_Simple_types<rower>>>,
              _Ty=rower
          ]
